1615698661808	geckodriver	INFO	Listening on 127.0.0.1:49276
1615698664568	mozrunner::runner	INFO	Running command: "C:\\Program Files\\Mozilla Firefox\\firefox.exe" "--marionette" "-foreground" "-no-remote" "-profile" "C:\\Users\\Jainil\\AppData\\Local\\Temp\\rust_mozprofile8Rpx6z"
console.warn: SearchSettings: "get: No settings file exists, new profile?" (new Error("", "(unknown module)"))
1615698676738	Marionette	INFO	Listening on port 49284
1615698677182	Marionette	WARN	TLS certificate errors will be ignored for this session

###!!! [Child][RunMessage] Error: Channel closing: too late to send/recv, messages will be lost

1615698678559	Marionette	WARN	Ignoring event 'pageshow' because document has an invalid readyState of 'uninitialized'.
JavaScript error: resource://activity-stream/lib/ASRouter.jsm, line 988: NS_ERROR_ILLEGAL_VALUE: Component returned failure code: 0x80070057 (NS_ERROR_ILLEGAL_VALUE) [nsIObserverService.removeObserver]
1615698949856	Marionette	INFO	Stopped listening on port 49284

###!!! [Child][RunMessage] Error: Channel closing: too late to send/recv, messages will be lost

("", "(unknown module)"))
console.error: Region.jsm: "Error fetching region" (new Error("TIMEOUT", "resource://gre/modules/Region.jsm", 775))
console.error: Region.jsm: "Failed to fetch region" (new Error("TIMEOUT", "resource://gre/modules/Region.jsm", 422))
1615698931606	Marionette	INFO	Listening on port 49349
1615698931787	Marionette	WARN	TLS certificate errors will be ignored for this session
1615698932828	Marionette	WARN	Ignoring event 'pageshow' because document has an invalid readyState of 'uninitialized'.
JavaScript error: resource://activity-stream/lib/ASRouter.jsm, line 988: NS_ERROR_ILLEGAL_VALUE: Component returned failure code: 0x80070057 (NS_ERROR_ILLEGAL_VALUE) [nsIObserverService.removeObserver]
[Parent 4532, IPC I/O Parent] WARNING: file /builds/worker/checkouts/gecko/ipc/chromium/src/base/process_util_win.cc:167
1615698950348	Marionette	INFO	Stopped listening on port 49349

###!!! [Child][RunMessage] Error: Channel closing: too late to send/recv, messages will be lost

1615698957079	geckodriver	INFO	Listening on 127.0.0.1:49399
1615698960127	mozrunner::runner	INFO	Running command: "C:\\Program Files\\Mozilla Firefox\\firefox.exe" "--marionette" "-foreground" "-no-remote" "-profile" "C:\\Users\\Jainil\\AppData\\Local\\Temp\\rust_mozprofilekPR9O6"
console.warn: SearchSettings: "get: No settings file exists, new profile?" (new Error("", "(unknown module)"))
console.error: Region.jsm: "Error fetching region" (new Error("TIMEOUT", "resource://gre/modules/Region.jsm", 775))
console.error: Region.jsm: "Failed to fetch region" (new Error("TIMEOUT", "resource://gre/modules/Region.jsm", 422))
1615698970479	Marionette	INFO	Listening on port 49407
1615698971140	Marionette	WARN	TLS certificate errors will be ignored for this session

###!!! [Child][RunMessage] Error: Channel closing: too late to send/recv, messages will be lost

JavaScript error: resource://activity-stream/lib/ASRouter.jsm, line 988: NS_ERROR_ILLEGAL_VALUE: Component returned failure code: 0x80070057 (NS_ERROR_ILLEGAL_VALUE) [nsIObserverService.removeObserver]
1615699017597	Marionette	INFO	Stopped listening on port 49401615699018078	mozrunner::runner	INFO	Running command: "C:\\Program Files\\Mozilla Firefox\\firefox.exe" "--marionette" "-foreground" "-no-remote" "-profile" "C:\\Users\\Jainil\\AppData\\Local\\Temp\\rust_mozprofile44wvBJ"
console.warn: SearchSettings: "get: No settings file exists, new profile?" (new Error("", "(unknown module)"))
1615699025642	Marionette	INFO	Listening on port 49476
1615699026079	Marionette	WARN	TLS certificate errors will be ignored for this session
JavaScript error: resource://activity-stream/lib/ASRouter.jsm, line 988: NS_ERROR_ILLEGAL_VALUE: Component returned failure code: 0x80070057 (NS_ERROR_ILLEGAL_VALUE) [nsIObserverService.removeObserver]
[Parent 14820, IPC I/O Parent] WARNING: file /builds/worker/checkouts/gecko/ipc/chromium/src/base/process_util_win.cc:167
1615699092506	Marionette	INFO	Stopped listening on port 49476

###!!! [Child][RunMessage] Error: Channel closing: too late to send/recv, messages will be lost

1615699094608	geckodriver	INFO	Listening on 127.0.0.1:49531
1615699097716	mozrunner::runner	INFO	Running command: "C:\\Program Files\\Mozilla Firefox\\firefox.exe" "--marionette" "-foreground" "-no-remote" "-profile" "C:\\Users\\Jainil\\AppData\\Local\\Temp\\rust_mozprofiley75nxI"
console.warn: SearchSettings: "get: No settings file exists, new profile?" (new Error("", "(unknown module)"))
1615699105201	Marionette	INFO	Listening on port 49539
1615699105689	Marionette	WARN	TLS certificate errors will be ignored for this session
1615699306645	Marionette	INFO	Stopped listening on port 49539

###!!! [Child][RunMessage] Error: Channel closing: too late to send/recv, messages will be lost

